# JRE version: OpenJDK Runtime Environment Temurin-17.0.13+11 (17.0.13+11) (build 17.0.13+11)
# Java VM: OpenJDK 64-Bit Server VM Temurin-17.0.13+11 (17.0.13+11, mixed mode, tiered, compressed oops, compressed class ptrs, parallel gc, bsd-amd64)
GC Precious Log:
 CPUs: 6 total, 6 available
 Memory: 8192M
 Large Page Support: Disabled
 NUMA Support: Disabled
 Compressed Oops: Enabled (Zero based)
 Alignments: Space 512K, Generation 512K, Heap 2M
 Heap Min Capacity: 100M
 Heap Initial Capacity: 100M
 Heap Max Capacity: 1G
 Pre-touch: Disabled
 Parallel Workers: 6
Heap:
 PSYoungGen      total 16896K, used 16888K [0x00000007eab00000, 0x00000007ec500000, 0x0000000800000000)
  eden space 14336K, 100% used [0x00000007eab00000,0x00000007eb900000,0x00000007eb900000)
  from space 2560K, 99% used [0x00000007eb900000,0x00000007ebb7e130,0x00000007ebb80000)
  to   space 5120K, 0% used [0x00000007ec000000,0x00000007ec000000,0x00000007ec500000)
 ParOldGen       total 130048K, used 103449K [0x00000007c0000000, 0x00000007c7f00000, 0x00000007eab00000)
  object space 130048K, 79% used [0x00000007c0000000,0x00000007c65067d8,0x00000007c7f00000)
 Metaspace       used 60576K, committed 61760K, reserved 1114112K
  class space    used 6578K, committed 7104K, reserved 1048576K
GC Heap History (20 events):
Event: 5.426 GC heap before
{Heap before GC invocations=50 (full 3):
 PSYoungGen      total 10752K, used 9146K [0x00000007eab00000, 0x00000007eb800000, 0x0000000800000000)
  eden space 7680K, 100% used [0x00000007eab00000,0x00000007eb280000,0x00000007eb280000)
  from space 3072K, 47% used [0x00000007eb280000,0x00000007eb3ee810,0x00000007eb580000)
  to   space 2048K, 0% used [0x00000007eb600000,0x00000007eb600000,0x00000007eb800000)
 ParOldGen       total 94208K, used 89942K [0x00000007c0000000, 0x00000007c5c00000, 0x00000007eab00000)
  object space 94208K, 95% used [0x00000007c0000000,0x00000007c57d5a18,0x00000007c5c00000)
 Metaspace       used 58482K, committed 59712K, reserved 1114112K
  class space    used 6411K, committed 6976K, reserved 1048576K
}
Event: 5.430 GC heap after
{Heap after GC invocations=50 (full 3):
 PSYoungGen      total 9728K, used 1654K [0x00000007eab00000, 0x00000007eb800000, 0x0000000800000000)
  eden space 7680K, 0% used [0x00000007eab00000,0x00000007eab00000,0x00000007eb280000)
  from space 2048K, 80% used [0x00000007eb600000,0x00000007eb79dbb8,0x00000007eb800000)
  to   space 2048K, 0% used [0x00000007eb400000,0x00000007eb400000,0x00000007eb600000)
 ParOldGen       total 94208K, used 91133K [0x00000007c0000000, 0x00000007c5c00000, 0x00000007eab00000)
  object space 94208K, 96% used [0x00000007c0000000,0x00000007c58ff7e8,0x00000007c5c00000)
 Metaspace       used 58482K, committed 59712K, reserved 1114112K
  class space    used 6411K, committed 6976K, reserved 1048576K
}
Event: 5.441 GC heap before
{Heap before GC invocations=51 (full 3):
 PSYoungGen      total 9728K, used 9334K [0x00000007eab00000, 0x00000007eb800000, 0x0000000800000000)
  eden space 7680K, 100% used [0x00000007eab00000,0x00000007eb280000,0x00000007eb280000)
  from space 2048K, 80% used [0x00000007eb600000,0x00000007eb79dbb8,0x00000007eb800000)
  to   space 2048K, 0% used [0x00000007eb400000,0x00000007eb400000,0x00000007eb600000)
 ParOldGen       total 94208K, used 91133K [0x00000007c0000000, 0x00000007c5c00000, 0x00000007eab00000)
  object space 94208K, 96% used [0x00000007c0000000,0x00000007c58ff7e8,0x00000007c5c00000)
 Metaspace       used 58483K, committed 59712K, reserved 1114112K
  class space    used 6411K, committed 6976K, reserved 1048576K
}
Event: 5.454 GC heap after
{Heap after GC invocations=51 (full 3):
 PSYoungGen      total 11264K, used 2016K [0x00000007eab00000, 0x00000007ebd80000, 0x0000000800000000)
  eden space 9216K, 0% used [0x00000007eab00000,0x00000007eab00000,0x00000007eb400000)
  from space 2048K, 98% used [0x00000007eb400000,0x00000007eb5f8030,0x00000007eb600000)
  to   space 4608K, 0% used [0x00000007eb900000,0x00000007eb900000,0x00000007ebd80000)
 ParOldGen       total 94208K, used 92922K [0x00000007c0000000, 0x00000007c5c00000, 0x00000007eab00000)
  object space 94208K, 98% used [0x00000007c0000000,0x00000007c5abeba8,0x00000007c5c00000)
 Metaspace       used 58483K, committed 59712K, reserved 1114112K
  class space    used 6411K, committed 6976K, reserved 1048576K
}
Event: 5.465 GC heap before
{Heap before GC invocations=52 (full 4):
 PSYoungGen      total 11264K, used 11232K [0x00000007eab00000, 0x00000007ebd80000, 0x0000000800000000)
  eden space 9216K, 100% used [0x00000007eab00000,0x00000007eb400000,0x00000007eb400000)
  from space 2048K, 98% used [0x00000007eb400000,0x00000007eb5f8030,0x00000007eb600000)
  to   space 4608K, 0% used [0x00000007eb900000,0x00000007eb900000,0x00000007ebd80000)
 ParOldGen       total 94208K, used 92922K [0x00000007c0000000, 0x00000007c5c00000, 0x00000007eab00000)
  object space 94208K, 98% used [0x00000007c0000000,0x00000007c5abeba8,0x00000007c5c00000)
 Metaspace       used 58484K, committed 59712K, reserved 1114112K
  class space    used 6411K, committed 6976K, reserved 1048576K
}
Event: 5.577 GC heap after
{Heap after GC invocations=52 (full 4):
 PSYoungGen      total 14336K, used 0K [0x00000007eab00000, 0x00000007ebe80000, 0x0000000800000000)
  eden space 9728K, 0% used [0x00000007eab00000,0x00000007eab00000,0x00000007eb480000)
  from space 4608K, 0% used [0x00000007eb900000,0x00000007eb900000,0x00000007ebd80000)
  to   space 4608K, 0% used [0x00000007eb480000,0x00000007eb480000,0x00000007eb900000)
 ParOldGen       total 130048K, used 94077K [0x00000007c0000000, 0x00000007c7f00000, 0x00000007eab00000)
  object space 130048K, 72% used [0x00000007c0000000,0x00000007c5bdf730,0x00000007c7f00000)
 Metaspace       used 58484K, committed 59712K, reserved 1114112K
  class space    used 6411K, committed 6976K, reserved 1048576K
}
Event: 5.608 GC heap before
{Heap before GC invocations=53 (full 4):
 PSYoungGen      total 14336K, used 9728K [0x00000007eab00000, 0x00000007ebe80000, 0x0000000800000000)
  eden space 9728K, 100% used [0x00000007eab00000,0x00000007eb480000,0x00000007eb480000)
  from space 4608K, 0% used [0x00000007eb900000,0x00000007eb900000,0x00000007ebd80000)
  to   space 4608K, 0% used [0x00000007eb480000,0x00000007eb480000,0x00000007eb900000)
 ParOldGen       total 130048K, used 94077K [0x00000007c0000000, 0x00000007c7f00000, 0x00000007eab00000)
  object space 130048K, 72% used [0x00000007c0000000,0x00000007c5bdf730,0x00000007c7f00000)
 Metaspace       used 58959K, committed 60160K, reserved 1114112K
  class space    used 6433K, committed 6976K, reserved 1048576K
}
Event: 5.610 GC heap after
{Heap after GC invocations=53 (full 4):
 PSYoungGen      total 14336K, used 2424K [0x00000007eab00000, 0x00000007ebc00000, 0x0000000800000000)
  eden space 9728K, 0% used [0x00000007eab00000,0x00000007eab00000,0x00000007eb480000)
  from space 4608K, 52% used [0x00000007eb480000,0x00000007eb6de2d0,0x00000007eb900000)
  to   space 3072K, 0% used [0x00000007eb900000,0x00000007eb900000,0x00000007ebc00000)
 ParOldGen       total 130048K, used 94077K [0x00000007c0000000, 0x00000007c7f00000, 0x00000007eab00000)
  object space 130048K, 72% used [0x00000007c0000000,0x00000007c5bdf730,0x00000007c7f00000)
 Metaspace       used 58959K, committed 60160K, reserved 1114112K
  class space    used 6433K, committed 6976K, reserved 1048576K
}
Event: 5.628 GC heap before
{Heap before GC invocations=54 (full 4):
 PSYoungGen      total 14336K, used 12152K [0x00000007eab00000, 0x00000007ebc00000, 0x0000000800000000)
  eden space 9728K, 100% used [0x00000007eab00000,0x00000007eb480000,0x00000007eb480000)
  from space 4608K, 52% used [0x00000007eb480000,0x00000007eb6de2d0,0x00000007eb900000)
  to   space 3072K, 0% used [0x00000007eb900000,0x00000007eb900000,0x00000007ebc00000)
 ParOldGen       total 130048K, used 94077K [0x00000007c0000000, 0x00000007c7f00000, 0x00000007eab00000)
  object space 130048K, 72% used [0x00000007c0000000,0x00000007c5bdf730,0x00000007c7f00000)
 Metaspace       used 59249K, committed 60416K, reserved 1114112K
  class space    used 6449K, committed 6976K, reserved 1048576K
}
Event: 5.630 GC heap after
{Heap after GC invocations=54 (full 4):
 PSYoungGen      total 14336K, used 2753K [0x00000007eab00000, 0x00000007ebc00000, 0x0000000800000000)
  eden space 11264K, 0% used [0x00000007eab00000,0x00000007eab00000,0x00000007eb600000)
  from space 3072K, 89% used [0x00000007eb900000,0x00000007ebbb0560,0x00000007ebc00000)
  to   space 3072K, 0% used [0x00000007eb600000,0x00000007eb600000,0x00000007eb900000)
 ParOldGen       total 130048K, used 96350K [0x00000007c0000000, 0x00000007c7f00000, 0x00000007eab00000)
  object space 130048K, 74% used [0x00000007c0000000,0x00000007c5e17b78,0x00000007c7f00000)
 Metaspace       used 59249K, committed 60416K, reserved 1114112K
  class space    used 6449K, committed 6976K, reserved 1048576K
}
Event: 5.642 GC heap before
{Heap before GC invocations=55 (full 4):
 PSYoungGen      total 14336K, used 14017K [0x00000007eab00000, 0x00000007ebc00000, 0x0000000800000000)
  eden space 11264K, 100% used [0x00000007eab00000,0x00000007eb600000,0x00000007eb600000)
  from space 3072K, 89% used [0x00000007eb900000,0x00000007ebbb0560,0x00000007ebc00000)
  to   space 3072K, 0% used [0x00000007eb600000,0x00000007eb600000,0x00000007eb900000)
 ParOldGen       total 130048K, used 96350K [0x00000007c0000000, 0x00000007c7f00000, 0x00000007eab00000)
  object space 130048K, 74% used [0x00000007c0000000,0x00000007c5e17b78,0x00000007c7f00000)
 Metaspace       used 59260K, committed 60416K, reserved 1114112K
  class space    used 6449K, committed 6976K, reserved 1048576K
}
Event: 5.650 GC heap after
{Heap after GC invocations=55 (full 4):
 PSYoungGen      total 14336K, used 1538K [0x00000007eab00000, 0x00000007ebc00000, 0x0000000800000000)
  eden space 11264K, 0% used [0x00000007eab00000,0x00000007eab00000,0x00000007eb600000)
  from space 3072K, 50% used [0x00000007eb600000,0x00000007eb780880,0x00000007eb900000)
  to   space 2048K, 0% used [0x00000007eba00000,0x00000007eba00000,0x00000007ebc00000)
 ParOldGen       total 130048K, used 98313K [0x00000007c0000000, 0x00000007c7f00000, 0x00000007eab00000)
  object space 130048K, 75% used [0x00000007c0000000,0x00000007c6002490,0x00000007c7f00000)
 Metaspace       used 59260K, committed 60416K, reserved 1114112K
  class space    used 6449K, committed 6976K, reserved 1048576K
}
Event: 5.671 GC heap before
{Heap before GC invocations=56 (full 4):
 PSYoungGen      total 14336K, used 12787K [0x00000007eab00000, 0x00000007ebc00000, 0x0000000800000000)
  eden space 11264K, 99% used [0x00000007eab00000,0x00000007eb5fc710,0x00000007eb600000)
  from space 3072K, 50% used [0x00000007eb600000,0x00000007eb780880,0x00000007eb900000)
  to   space 2048K, 0% used [0x00000007eba00000,0x00000007eba00000,0x00000007ebc00000)
 ParOldGen       total 130048K, used 98313K [0x00000007c0000000, 0x00000007c7f00000, 0x00000007eab00000)
  object space 130048K, 75% used [0x00000007c0000000,0x00000007c6002490,0x00000007c7f00000)
 Metaspace       used 59278K, committed 60480K, reserved 1114112K
  class space    used 6449K, committed 6976K, reserved 1048576K
}
Event: 5.674 GC heap after
{Heap after GC invocations=56 (full 4):
 PSYoungGen      total 14336K, used 628K [0x00000007eab00000, 0x00000007ebb00000, 0x0000000800000000)
  eden space 13312K, 0% used [0x00000007eab00000,0x00000007eab00000,0x00000007eb800000)
  from space 1024K, 61% used [0x00000007eba00000,0x00000007eba9d0b0,0x00000007ebb00000)
  to   space 1536K, 0% used [0x00000007eb800000,0x00000007eb800000,0x00000007eb980000)
 ParOldGen       total 130048K, used 100892K [0x00000007c0000000, 0x00000007c7f00000, 0x00000007eab00000)
  object space 130048K, 77% used [0x00000007c0000000,0x00000007c62873b0,0x00000007c7f00000)
 Metaspace       used 59278K, committed 60480K, reserved 1114112K
  class space    used 6449K, committed 6976K, reserved 1048576K
}
Event: 5.688 GC heap before
{Heap before GC invocations=57 (full 4):
 PSYoungGen      total 14336K, used 13940K [0x00000007eab00000, 0x00000007ebb00000, 0x0000000800000000)
  eden space 13312K, 100% used [0x00000007eab00000,0x00000007eb800000,0x00000007eb800000)
  from space 1024K, 61% used [0x00000007eba00000,0x00000007eba9d0b0,0x00000007ebb00000)
  to   space 1536K, 0% used [0x00000007eb800000,0x00000007eb800000,0x00000007eb980000)
 ParOldGen       total 130048K, used 100892K [0x00000007c0000000, 0x00000007c7f00000, 0x00000007eab00000)
  object space 130048K, 77% used [0x00000007c0000000,0x00000007c62873b0,0x00000007c7f00000)
 Metaspace       used 59278K, committed 60480K, reserved 1114112K
  class space    used 6449K, committed 6976K, reserved 1048576K
}
Event: 5.692 GC heap after
{Heap after GC invocations=57 (full 4):
 PSYoungGen      total 14848K, used 1164K [0x00000007eab00000, 0x00000007ebd00000, 0x0000000800000000)
  eden space 13312K, 0% used [0x00000007eab00000,0x00000007eab00000,0x00000007eb800000)
  from space 1536K, 75% used [0x00000007eb800000,0x00000007eb9231e8,0x00000007eb980000)
  to   space 1536K, 0% used [0x00000007ebb80000,0x00000007ebb80000,0x00000007ebd00000)
 ParOldGen       total 130048K, used 101219K [0x00000007c0000000, 0x00000007c7f00000, 0x00000007eab00000)
  object space 130048K, 77% used [0x00000007c0000000,0x00000007c62d8d30,0x00000007c7f00000)
 Metaspace       used 59278K, committed 60480K, reserved 1114112K
  class space    used 6449K, committed 6976K, reserved 1048576K
}
Event: 5.717 GC heap before
{Heap before GC invocations=58 (full 4):
 PSYoungGen      total 14848K, used 14476K [0x00000007eab00000, 0x00000007ebd00000, 0x0000000800000000)
  eden space 13312K, 100% used [0x00000007eab00000,0x00000007eb800000,0x00000007eb800000)
  from space 1536K, 75% used [0x00000007eb800000,0x00000007eb9231e8,0x00000007eb980000)
  to   space 1536K, 0% used [0x00000007ebb80000,0x00000007ebb80000,0x00000007ebd00000)
 ParOldGen       total 130048K, used 101219K [0x00000007c0000000, 0x00000007c7f00000, 0x00000007eab00000)
  object space 130048K, 77% used [0x00000007c0000000,0x00000007c62d8d30,0x00000007c7f00000)
 Metaspace       used 59748K, committed 60928K, reserved 1114112K
  class space    used 6484K, committed 7040K, reserved 1048576K
}
Event: 5.719 GC heap after
{Heap after GC invocations=58 (full 4):
 PSYoungGen      total 15872K, used 1519K [0x00000007eab00000, 0x00000007ebf00000, 0x0000000800000000)
  eden space 14336K, 0% used [0x00000007eab00000,0x00000007eab00000,0x00000007eb900000)
  from space 1536K, 98% used [0x00000007ebb80000,0x00000007ebcfbfe8,0x00000007ebd00000)
  to   space 2560K, 0% used [0x00000007eb900000,0x00000007eb900000,0x00000007ebb80000)
 ParOldGen       total 130048K, used 101768K [0x00000007c0000000, 0x00000007c7f00000, 0x00000007eab00000)
  object space 130048K, 78% used [0x00000007c0000000,0x00000007c6362010,0x00000007c7f00000)
 Metaspace       used 59748K, committed 60928K, reserved 1114112K
  class space    used 6484K, committed 7040K, reserved 1048576K
}
Event: 5.750 GC heap before
{Heap before GC invocations=59 (full 4):
 PSYoungGen      total 15872K, used 15855K [0x00000007eab00000, 0x00000007ebf00000, 0x0000000800000000)
  eden space 14336K, 100% used [0x00000007eab00000,0x00000007eb900000,0x00000007eb900000)
  from space 1536K, 98% used [0x00000007ebb80000,0x00000007ebcfbfe8,0x00000007ebd00000)
  to   space 2560K, 0% used [0x00000007eb900000,0x00000007eb900000,0x00000007ebb80000)
 ParOldGen       total 130048K, used 101768K [0x00000007c0000000, 0x00000007c7f00000, 0x00000007eab00000)
  object space 130048K, 78% used [0x00000007c0000000,0x00000007c6362010,0x00000007c7f00000)
 Metaspace       used 60396K, committed 61632K, reserved 1114112K
  class space    used 6556K, committed 7104K, reserved 1048576K
}
Event: 5.752 GC heap after
{Heap after GC invocations=59 (full 4):
 PSYoungGen      total 16896K, used 2552K [0x00000007eab00000, 0x00000007ec500000, 0x0000000800000000)
  eden space 14336K, 0% used [0x00000007eab00000,0x00000007eab00000,0x00000007eb900000)
  from space 2560K, 99% used [0x00000007eb900000,0x00000007ebb7e130,0x00000007ebb80000)
  to   space 5120K, 0% used [0x00000007ec000000,0x00000007ec000000,0x00000007ec500000)
 ParOldGen       total 130048K, used 103449K [0x00000007c0000000, 0x00000007c7f00000, 0x00000007eab00000)
  object space 130048K, 79% used [0x00000007c0000000,0x00000007c65067d8,0x00000007c7f00000)
 Metaspace       used 60396K, committed 61632K, reserved 1114112K
  class space    used 6556K, committed 7104K, reserved 1048576K
}

